<?xml version="1.0" encoding="utf-8"?>
<test-run id="2" testcasecount="11" result="Passed" total="11" passed="11" failed="0" inconclusive="0" skipped="0" asserts="0" engine-version="3.5.0.0" clr-version="4.0.30319.42000" start-time="2026-08-07 04:53:34Z" end-time="2026-08-07 04:53:35Z" duration="0.2463553">
  <test-suite type="TestSuite" id="1019" name="testproject" fullname="testproject" runstate="Runnable" testcasecount="11" result="Passed" start-time="2026-08-07 04:53:34Z" end-time="2026-08-07 04:53:35Z" duration="0.246355" total="11" passed="11" failed="0" inconclusive="0" skipped="0" asserts="0">
    <properties>
      <property name="platform" value="PlayMode" />
    </properties>
    <test-suite type="Assembly" id="1014" name="ProvingGround.Tests.Runtime.dll" fullname="/Users/medusa/Developer/unity-plugin/testproject/Library/ScriptAssemblies/ProvingGround.Tests.Runtime.dll" runstate="Runnable" testcasecount="11" result="Passed" start-time="2026-08-07 04:53:34Z" end-time="2026-08-07 04:53:35Z" duration="0.242306" total="11" passed="11" failed="0" inconclusive="0" skipped="0" asserts="0">
      <properties>
        <property name="_PID" value="57256" />
        <property name="_APPDOMAIN" value="Unity Child Domain" />
        <property name="platform" value="PlayMode" />
        <property name="EditorOnly" value="False" />
      </properties>
      <test-suite type="TestSuite" id="1015" name="ProvingGround" fullname="ProvingGround" runstate="Runnable" testcasecount="11" result="Passed" start-time="2026-08-07 04:53:34Z" end-time="2026-08-07 04:53:35Z" duration="0.242135" total="11" passed="11" failed="0" inconclusive="0" skipped="0" asserts="0">
        <properties />
        <test-suite type="TestSuite" id="1016" name="Tests" fullname="ProvingGround.Tests" runstate="Runnable" testcasecount="11" result="Passed" start-time="2026-08-07 04:53:34Z" end-time="2026-08-07 04:53:35Z" duration="0.242049" total="11" passed="11" failed="0" inconclusive="0" skipped="0" asserts="0">
          <properties />
          <test-suite type="TestFixture" id="1001" name="PgEndToEndTests" fullname="ProvingGround.Tests.PgEndToEndTests" classname="ProvingGround.Tests.PgEndToEndTests" runstate="Runnable" testcasecount="7" result="Passed" start-time="2026-08-07 04:53:34Z" end-time="2026-08-07 04:53:35Z" duration="0.237410" total="7" passed="7" failed="0" inconclusive="0" skipped="0" asserts="0">
            <properties />
            <test-case id="1004" name="AScenarioRunsEndToEndAndProducesAReport" fullname="ProvingGround.Tests.PgEndToEndTests.AScenarioRunsEndToEndAndProducesAReport" methodname="AScenarioRunsEndToEndAndProducesAReport" classname="ProvingGround.Tests.PgEndToEndTests" runstate="Runnable" seed="1490614159" result="Passed" start-time="2026-08-07 04:53:34Z" end-time="2026-08-07 04:53:35Z" duration="0.106714" asserts="0">
              <properties>
                <property name="_JOINTYPE" value="UnityCombinatorial" />
                <property name="retryIteration" value="0" />
                <property name="repeatIteration" value="0" />
              </properties>
            </test-case>
            <test-case id="1002" name="InjectedInputMovesTheRealController" fullname="ProvingGround.Tests.PgEndToEndTests.InjectedInputMovesTheRealController" methodname="InjectedInputMovesTheRealController" classname="ProvingGround.Tests.PgEndToEndTests" runstate="Runnable" seed="482025663" result="Passed" start-time="2026-08-07 04:53:35Z" end-time="2026-08-07 04:53:35Z" duration="0.012010" asserts="0">
              <properties>
                <property name="_JOINTYPE" value="UnityCombinatorial" />
                <property name="retryIteration" value="0" />
                <property name="repeatIteration" value="0" />
              </properties>
            </test-case>
            <test-case id="1008" name="RecordingALiveSessionProducesAReplayableScenario" fullname="ProvingGround.Tests.PgEndToEndTests.RecordingALiveSessionProducesAReplayableScenario" methodname="RecordingALiveSessionProducesAReplayableScenario" classname="ProvingGround.Tests.PgEndToEndTests" runstate="Runnable" seed="1403819508" result="Passed" start-time="2026-08-07 04:53:35Z" end-time="2026-08-07 04:53:35Z" duration="0.032614" asserts="0">
              <properties>
                <property name="_JOINTYPE" value="UnityCombinatorial" />
                <property name="retryIteration" value="0" />
                <property name="repeatIteration" value="0" />
              </properties>
            </test-case>
            <test-case id="1007" name="SettlingFromASpawnIsNotMeasuredAsAJump" fullname="ProvingGround.Tests.PgEndToEndTests.SettlingFromASpawnIsNotMeasuredAsAJump" methodname="SettlingFromASpawnIsNotMeasuredAsAJump" classname="ProvingGround.Tests.PgEndToEndTests" runstate="Runnable" seed="1537001152" result="Passed" start-time="2026-08-07 04:53:35Z" end-time="2026-08-07 04:53:35Z" duration="0.011554" asserts="0">
              <properties>
                <property name="_JOINTYPE" value="UnityCombinatorial" />
                <property name="retryIteration" value="0" />
                <property name="repeatIteration" value="0" />
              </properties>
            </test-case>
            <test-case id="1003" name="TheFeelProbeMeasuresSpeedAndJumpFromObservedMotion" fullname="ProvingGround.Tests.PgEndToEndTests.TheFeelProbeMeasuresSpeedAndJumpFromObservedMotion" methodname="TheFeelProbeMeasuresSpeedAndJumpFromObservedMotion" classname="ProvingGround.Tests.PgEndToEndTests" runstate="Runnable" seed="1871613492" result="Passed" start-time="2026-08-07 04:53:35Z" end-time="2026-08-07 04:53:35Z" duration="0.033962" asserts="0">
              <properties>
                <property name="_JOINTYPE" value="UnityCombinatorial" />
                <property name="retryIteration" value="0" />
                <property name="repeatIteration" value="0" />
              </properties>
            </test-case>
            <test-case id="1006" name="TheProbeBotReportsCleanlyOnAWorkingLevel" fullname="ProvingGround.Tests.PgEndToEndTests.TheProbeBotReportsCleanlyOnAWorkingLevel" methodname="TheProbeBotReportsCleanlyOnAWorkingLevel" classname="ProvingGround.Tests.PgEndToEndTests" runstate="Runnable" seed="240517603" result="Passed" start-time="2026-08-07 04:53:35Z" end-time="2026-08-07 04:53:35Z" duration="0.032733" asserts="0">
              <properties>
                <property name="_JOINTYPE" value="UnityCombinatorial" />
                <property name="retryIteration" value="0" />
                <property name="repeatIteration" value="0" />
              </properties>
            </test-case>
            <test-case id="1005" name="TheSceneDigestReportsObjectsThatActuallyExist" fullname="ProvingGround.Tests.PgEndToEndTests.TheSceneDigestReportsObjectsThatActuallyExist" methodname="TheSceneDigestReportsObjectsThatActuallyExist" classname="ProvingGround.Tests.PgEndToEndTests" runstate="Runnable" seed="646147716" result="Passed" start-time="2026-08-07 04:53:35Z" end-time="2026-08-07 04:53:35Z" duration="0.001637" asserts="0">
              <properties>
                <property name="_JOINTYPE" value="UnityCombinatorial" />
                <property name="retryIteration" value="0" />
                <property name="repeatIteration" value="0" />
              </properties>
            </test-case>
          </test-suite>
          <test-suite type="TestFixture" id="1009" name="PgInputPathTests" fullname="ProvingGround.Tests.PgInputPathTests" classname="ProvingGround.Tests.PgInputPathTests" runstate="Runnable" testcasecount="4" result="Passed" start-time="2026-08-07 04:53:35Z" end-time="2026-08-07 04:53:35Z" duration="0.004100" total="4" passed="4" failed="0" inconclusive="0" skipped="0" asserts="0">
            <properties />
            <test-case id="1012" name="ASessionMakesTheClockAdvanceInHeadlessRuns" fullname="ProvingGround.Tests.PgInputPathTests.ASessionMakesTheClockAdvanceInHeadlessRuns" methodname="ASessionMakesTheClockAdvanceInHeadlessRuns" classname="ProvingGround.Tests.PgInputPathTests" runstate="Runnable" seed="1605207384" result="Passed" start-time="2026-08-07 04:53:35Z" end-time="2026-08-07 04:53:35Z" duration="0.000628" asserts="0">
              <properties>
                <property name="_JOINTYPE" value="UnityCombinatorial" />
                <property name="retryIteration" value="0" />
                <property name="repeatIteration" value="0" />
              </properties>
            </test-case>
            <test-case id="1010" name="QueuedStateEventsReachTheDevice" fullname="ProvingGround.Tests.PgInputPathTests.QueuedStateEventsReachTheDevice" methodname="QueuedStateEventsReachTheDevice" classname="ProvingGround.Tests.PgInputPathTests" runstate="Runnable" seed="2030535441" result="Passed" start-time="2026-08-07 04:53:35Z" end-time="2026-08-07 04:53:35Z" duration="0.001233" asserts="0">
              <properties>
                <property name="_JOINTYPE" value="UnityCombinatorial" />
                <property name="retryIteration" value="0" />
                <property name="repeatIteration" value="0" />
              </properties>
            </test-case>
            <test-case id="1011" name="TheBackendDrivesTheDeviceTheGameReads" fullname="ProvingGround.Tests.PgInputPathTests.TheBackendDrivesTheDeviceTheGameReads" methodname="TheBackendDrivesTheDeviceTheGameReads" classname="ProvingGround.Tests.PgInputPathTests" runstate="Runnable" seed="980131197" result="Passed" start-time="2026-08-07 04:53:35Z" end-time="2026-08-07 04:53:35Z" duration="0.001064" asserts="0">
              <properties>
                <property name="_JOINTYPE" value="UnityCombinatorial" />
                <property name="retryIteration" value="0" />
                <property name="repeatIteration" value="0" />
              </properties>
            </test-case>
            <test-case id="1013" name="TheSessionRestoresTheClockWhenItEnds" fullname="ProvingGround.Tests.PgInputPathTests.TheSessionRestoresTheClockWhenItEnds" methodname="TheSessionRestoresTheClockWhenItEnds" classname="ProvingGround.Tests.PgInputPathTests" runstate="Runnable" seed="332063998" result="Passed" start-time="2026-08-07 04:53:35Z" end-time="2026-08-07 04:53:35Z" duration="0.000603" asserts="0">
              <properties>
                <property name="_JOINTYPE" value="UnityCombinatorial" />
                <property name="retryIteration" value="0" />
                <property name="repeatIteration" value="0" />
              </properties>
              <output><![CDATA[Saving results to: /Users/medusa/Developer/unity-plugin/testproject/PlayMode-results.xml
]]></output>
            </test-case>
          </test-suite>
        </test-suite>
      </test-suite>
    </test-suite>
  </test-suite>
</test-run>